Using pre-set license
Built from '2021.1/staging' branch; Version is '2021.1.21f1 (f2d5d3c59f8c) revision 15914451'; Using compiler version '192528614'; Build Type 'Release'
OS: 'Windows 10 Pro; OS build 19043.1348; Version 2009; 64bit' Language: 'en' Physical Memory: 7981 MB
BatchMode: 1, IsHumanControllingUs: 0, StartBugReporterOnCrash: 0, Is64bit: 1, IsPro: 0

COMMAND LINE ARGUMENTS:
C:\Program Files\Unity\Hub\Editor\2021.1.21f1\Editor\Unity.exe
-adb2
-batchMode
-noUpm
-name
AssetImportWorker0
-projectPath
C:/Users/deniz/Desktop/UnityProjects/NekoShare
-logFile
Logs/AssetImportWorker0.log
-srvPort
1914
Successfully changed project path to: C:/Users/deniz/Desktop/UnityProjects/NekoShare
C:/Users/deniz/Desktop/UnityProjects/NekoShare
Using Asset Import Pipeline V2.
Refreshing native plugins compatible for Editor in 88.30 ms, found 8 plugins.
Preloading 0 native plugins for Editor in 0.00 ms.
Initialize engine version: 2021.1.21f1 (f2d5d3c59f8c)
[Subsystems] Discovering subsystems at path C:/Program Files/Unity/Hub/Editor/2021.1.21f1/Editor/Data/Resources/UnitySubsystems
[Subsystems] Discovering subsystems at path C:/Users/deniz/Desktop/UnityProjects/NekoShare/Assets
GfxDevice: creating device client; threaded=0; jobified=0
Direct3D:
    Version:  Direct3D 11.0 [level 11.1]
    Renderer: NVIDIA GeForce GTX 1650 Ti (ID=0x1f95)
    Vendor:   NVIDIA
    VRAM:     3962 MB
    Driver:   30.0.14.7239
Initialize mono
Mono path[0] = 'C:/Program Files/Unity/Hub/Editor/2021.1.21f1/Editor/Data/Managed'
Mono path[1] = 'C:/Program Files/Unity/Hub/Editor/2021.1.21f1/Editor/Data/MonoBleedingEdge/lib/mono/unityjit'
Mono config path = 'C:/Program Files/Unity/Hub/Editor/2021.1.21f1/Editor/Data/MonoBleedingEdge/etc'
Using monoOptions --debugger-agent=transport=dt_socket,embedding=1,server=y,suspend=n,address=127.0.0.1:56916
Begin MonoManager ReloadAssembly
Registering precompiled unity dll's ...
Register platform support module: C:/Program Files/Unity/Hub/Editor/2021.1.21f1/Editor/Data/PlaybackEngines/WindowsStandaloneSupport/UnityEditor.WindowsStandalone.Extensions.dll
Registered in 0.002004 seconds.
Native extension for WindowsStandalone target not found
Refreshing native plugins compatible for Editor in 171.72 ms, found 8 plugins.
Preloading 0 native plugins for Editor in 0.00 ms.
Mono: successfully reloaded assembly
- Completed reload, in  2.842 seconds
Domain Reload Profiling:
	ReloadAssembly (2843ms)
		BeginReloadAssembly (91ms)
			ExecutionOrderSort (0ms)
			DisableScriptedObjects (0ms)
			BackupInstance (0ms)
			ReleaseScriptingObjects (0ms)
			CreateAndSetChildDomain (1ms)
		EndReloadAssembly (1035ms)
			LoadAssemblies (87ms)
			RebuildTransferFunctionScriptingTraits (0ms)
			SetupTypeCache (346ms)
			ReleaseScriptCaches (0ms)
			RebuildScriptCaches (54ms)
			SetupLoadedEditorAssemblies (526ms)
				LogAssemblyErrors (0ms)
				InitializePlatformSupportModulesInManaged (8ms)
				SetLoadedEditorAssemblies (0ms)
				RefreshPlugins (172ms)
				BeforeProcessingInitializeOnLoad (2ms)
				ProcessInitializeOnLoadAttributes (188ms)
				ProcessInitializeOnLoadMethodAttributes (155ms)
				AfterProcessingInitializeOnLoad (0ms)
				EditorAssembliesLoaded (1ms)
			ExecutionOrderSort2 (0ms)
			AwakeInstancesAfterBackupRestoration (0ms)
Platform modules already initialized, skipping
Registering precompiled user dll's ...
Registered in 0.034795 seconds.
Begin MonoManager ReloadAssembly
Symbol file LoadedFromMemory doesn't match image C:\Users\deniz\Desktop\UnityProjects\NekoShare\Library\PackageCache\com.unity.visualscripting@1.6.1\Editor\VisualScripting.Core\Dependencies\DotNetZip\Unity.VisualScripting.IonicZip.dll
Symbol file LoadedFromMemory doesn't match image C:\Users\deniz\Desktop\UnityProjects\NekoShare\Library\PackageCache\com.unity.visualscripting@1.6.1\Editor\VisualScripting.Core\Dependencies\YamlDotNet\Unity.VisualScripting.YamlDotNet.dll
Native extension for WindowsStandalone target not found
Refreshing native plugins compatible for Editor in 1.28 ms, found 8 plugins.
Preloading 0 native plugins for Editor in 0.00 ms.
Mono: successfully reloaded assembly
- Completed reload, in  1.959 seconds
Domain Reload Profiling:
	ReloadAssembly (1960ms)
		BeginReloadAssembly (443ms)
			ExecutionOrderSort (0ms)
			DisableScriptedObjects (6ms)
			BackupInstance (0ms)
			ReleaseScriptingObjects (2ms)
			CreateAndSetChildDomain (94ms)
		EndReloadAssembly (1425ms)
			LoadAssemblies (222ms)
			RebuildTransferFunctionScriptingTraits (0ms)
			SetupTypeCache (519ms)
			ReleaseScriptCaches (1ms)
			RebuildScriptCaches (70ms)
			SetupLoadedEditorAssemblies (564ms)
				LogAssemblyErrors (0ms)
				InitializePlatformSupportModulesInManaged (7ms)
				SetLoadedEditorAssemblies (1ms)
				RefreshPlugins (1ms)
				BeforeProcessingInitializeOnLoad (93ms)
				ProcessInitializeOnLoadAttributes (445ms)
				ProcessInitializeOnLoadMethodAttributes (7ms)
				AfterProcessingInitializeOnLoad (8ms)
				EditorAssembliesLoaded (2ms)
			ExecutionOrderSort2 (0ms)
			AwakeInstancesAfterBackupRestoration (7ms)
Platform modules already initialized, skipping
========================================================================
Worker process is ready to serve import requests
Launched and connected shader compiler UnityShaderCompiler.exe after 0.11 seconds
Refreshing native plugins compatible for Editor in 1.66 ms, found 8 plugins.
Preloading 0 native plugins for Editor in 0.00 ms.
Unloading 3044 Unused Serialized files (Serialized files now loaded: 0)
System memory in use before: 113.0 MB.
System memory in use after: 113.2 MB.

Unloading 62 unused Assets to reduce memory usage. Loaded Objects now: 3460.
Total: 4.547500 ms (FindLiveObjects: 0.441000 ms CreateObjectMapping: 0.341100 ms MarkObjects: 3.644900 ms  DeleteObjects: 0.118300 ms)

AssetImportParameters requested are different than current active one (requested -> active):
  custom:framework-win-MediaFoundation: 216162199b28c13a410421893ffa2e32 -> 
  custom:video-decoder-ogg-theora: a1e56fd34408186e4bbccfd4996cb3dc -> 
  custom:container-muxer-webm: aa71ff27fc2769a1b78a27578f13a17b -> 
  custom:container-demuxer-webm: 4f35f7cbe854078d1ac9338744f61a02 -> 
  custom:container-demuxer-ogg: 62fdf1f143b41e24485cea50d1cbac27 -> 
  custom:video-encoder-webm-vp8: eb34c28f22e8b96e1ab97ce403110664 -> 
  custom:video-decoder-webm-vp8: 9c59270c3fd7afecdb556c50c9e8de78 -> 
  custom:audio-decoder-ogg-vorbis: bf7c407c2cedff20999df2af8eb42d56 -> 
  custom:audio-encoder-webm-vorbis: bf7c407c2cedff20999df2af8eb42d56 -> 
========================================================================
Received Import Request.
  path: Assets/Plugins
  artifactKey: Guid(436fea6fe96b97f409ff961b2134ac39) Importer(815301076,1909f56bfc062723c751e8b465ee728b)
Start importing Assets/Plugins using Guid(436fea6fe96b97f409ff961b2134ac39) Importer(815301076,1909f56bfc062723c751e8b465ee728b)  -> (artifact id: 'fc41a1eafe1eee50390757069db51116') in 0.025823 seconds 
========================================================================
Received Import Request.
  Time since last request: 0.000655 seconds.
  path: Assets/Plugins/Android
  artifactKey: Guid(9177ac2be1e03384da9b00f475153b2c) Importer(815301076,1909f56bfc062723c751e8b465ee728b)
Start importing Assets/Plugins/Android using Guid(9177ac2be1e03384da9b00f475153b2c) Importer(815301076,1909f56bfc062723c751e8b465ee728b)  -> (artifact id: '5bce939d787e4213488128cfe098528c') in 0.024224 seconds 
========================================================================
Received Prepare
Registering precompiled user dll's ...
Registered in 0.053486 seconds.
Begin MonoManager ReloadAssembly
Symbol file LoadedFromMemory doesn't match image C:\Users\deniz\Desktop\UnityProjects\NekoShare\Library\PackageCache\com.unity.visualscripting@1.6.1\Editor\VisualScripting.Core\Dependencies\DotNetZip\Unity.VisualScripting.IonicZip.dll
Symbol file LoadedFromMemory doesn't match image C:\Users\deniz\Desktop\UnityProjects\NekoShare\Library\PackageCache\com.unity.visualscripting@1.6.1\Editor\VisualScripting.Core\Dependencies\YamlDotNet\Unity.VisualScripting.YamlDotNet.dll
Native extension for WindowsStandalone target not found
Refreshing native plugins compatible for Editor in 1.74 ms, found 8 plugins.
Preloading 0 native plugins for Editor in 0.00 ms.
Mono: successfully reloaded assembly
- Completed reload, in  2.576 seconds
Domain Reload Profiling:
	ReloadAssembly (2577ms)
		BeginReloadAssembly (280ms)
			ExecutionOrderSort (0ms)
			DisableScriptedObjects (10ms)
			BackupInstance (0ms)
			ReleaseScriptingObjects (0ms)
			CreateAndSetChildDomain (112ms)
		EndReloadAssembly (2202ms)
			LoadAssemblies (141ms)
			RebuildTransferFunctionScriptingTraits (0ms)
			SetupTypeCache (661ms)
			ReleaseScriptCaches (2ms)
			RebuildScriptCaches (191ms)
			SetupLoadedEditorAssemblies (915ms)
				LogAssemblyErrors (0ms)
				InitializePlatformSupportModulesInManaged (9ms)
				SetLoadedEditorAssemblies (1ms)
				RefreshPlugins (2ms)
				BeforeProcessingInitializeOnLoad (165ms)
				ProcessInitializeOnLoadAttributes (716ms)
				ProcessInitializeOnLoadMethodAttributes (9ms)
				AfterProcessingInitializeOnLoad (13ms)
				EditorAssembliesLoaded (0ms)
			ExecutionOrderSort2 (0ms)
			AwakeInstancesAfterBackupRestoration (12ms)
Platform modules already initialized, skipping
Switching build target platform(19) subTarget(0) extendedPlatform(0) -> platform(13) subTarget(537395200) extendedPlatform(0)
Refreshing native plugins compatible for Editor in 0.99 ms, found 8 plugins.
Preloading 0 native plugins for Editor in 0.00 ms.
Unloading 3097 Unused Serialized files (Serialized files now loaded: 0)
System memory in use before: 113.5 MB.
System memory in use after: 113.7 MB.

Unloading 127 unused Assets to reduce memory usage. Loaded Objects now: 3462.
Total: 4.913800 ms (FindLiveObjects: 0.481700 ms CreateObjectMapping: 0.366500 ms MarkObjects: 4.000100 ms  DeleteObjects: 0.063600 ms)

AssetImportParameters requested are different than current active one (requested -> active):
  custom:framework-win-MediaFoundation: 216162199b28c13a410421893ffa2e32 -> 
  custom:video-decoder-ogg-theora: a1e56fd34408186e4bbccfd4996cb3dc -> 
  custom:container-muxer-webm: aa71ff27fc2769a1b78a27578f13a17b -> 
  custom:container-demuxer-webm: 4f35f7cbe854078d1ac9338744f61a02 -> 
  custom:container-demuxer-ogg: 62fdf1f143b41e24485cea50d1cbac27 -> 
  custom:video-encoder-webm-vp8: eb34c28f22e8b96e1ab97ce403110664 -> 
  custom:video-decoder-webm-vp8: 9c59270c3fd7afecdb556c50c9e8de78 -> 
  custom:graphics/normal-map-encoding: 01000000000000000000000000000000 -> 02000000000000000000000000000000
  custom:audio-decoder-ogg-vorbis: bf7c407c2cedff20999df2af8eb42d56 -> 
  custom:audio-encoder-webm-vorbis: bf7c407c2cedff20999df2af8eb42d56 -> 
========================================================================
Received Import Request.
  Time since last request: 3522.138790 seconds.
  path: Assets/Scenes
  artifactKey: Guid(4926b1ce5be88044e893b1b9cf121530) Importer(815301076,1909f56bfc062723c751e8b465ee728b)
Start importing Assets/Scenes using Guid(4926b1ce5be88044e893b1b9cf121530) Importer(815301076,1909f56bfc062723c751e8b465ee728b)  -> (artifact id: 'e97ca7e376b4e86f1208bcc0137aa1f7') in 0.020510 seconds 
========================================================================
Received Import Request.
  Time since last request: 11.859122 seconds.
  path: Assets/Scenes/SampleScene.unity
  artifactKey: Guid(9fc0d4010bbf28b4594072e72b8655ab) Importer(815301076,1909f56bfc062723c751e8b465ee728b)
Start importing Assets/Scenes/SampleScene.unity using Guid(9fc0d4010bbf28b4594072e72b8655ab) Importer(815301076,1909f56bfc062723c751e8b465ee728b)  -> (artifact id: 'e324b3c9ea55c51a07a26bf578a9d80d') in 0.018222 seconds 
========================================================================
Received Import Request.
  Time since last request: 6.679788 seconds.
  path: Assets/Scenes/AuthScene.unity
  artifactKey: Guid(9fc0d4010bbf28b4594072e72b8655ab) Importer(815301076,1909f56bfc062723c751e8b465ee728b)
Start importing Assets/Scenes/AuthScene.unity using Guid(9fc0d4010bbf28b4594072e72b8655ab) Importer(815301076,1909f56bfc062723c751e8b465ee728b)  -> (artifact id: 'e0c13cd906b67550c4bb26c21265aa70') in 0.011543 seconds 
========================================================================
Received Import Request.
  Time since last request: 10.351839 seconds.
  path: Assets/Scenes/MainScene.unity
  artifactKey: Guid(216cd47fa1d700942ab1b2eeaa214d38) Importer(815301076,1909f56bfc062723c751e8b465ee728b)
Start importing Assets/Scenes/MainScene.unity using Guid(216cd47fa1d700942ab1b2eeaa214d38) Importer(815301076,1909f56bfc062723c751e8b465ee728b)  -> (artifact id: '47d2a014f1d51ccc41ec9f247214fa3a') in 0.012088 seconds 
========================================================================
Received Prepare
Registering precompiled user dll's ...
Registered in 0.014782 seconds.
Begin MonoManager ReloadAssembly
Symbol file LoadedFromMemory doesn't match image C:\Users\deniz\Desktop\UnityProjects\NekoShare\Library\PackageCache\com.unity.visualscripting@1.6.1\Editor\VisualScripting.Core\Dependencies\DotNetZip\Unity.VisualScripting.IonicZip.dll
Symbol file LoadedFromMemory doesn't match image C:\Users\deniz\Desktop\UnityProjects\NekoShare\Library\PackageCache\com.unity.visualscripting@1.6.1\Editor\VisualScripting.Core\Dependencies\YamlDotNet\Unity.VisualScripting.YamlDotNet.dll
Native extension for WindowsStandalone target not found
Refreshing native plugins compatible for Editor in 2.27 ms, found 8 plugins.
Preloading 0 native plugins for Editor in 0.00 ms.
Mono: successfully reloaded assembly
- Completed reload, in  1.432 seconds
Domain Reload Profiling:
	ReloadAssembly (1433ms)
		BeginReloadAssembly (142ms)
			ExecutionOrderSort (0ms)
			DisableScriptedObjects (6ms)
			BackupInstance (0ms)
			ReleaseScriptingObjects (0ms)
			CreateAndSetChildDomain (42ms)
		EndReloadAssembly (1225ms)
			LoadAssemblies (120ms)
			RebuildTransferFunctionScriptingTraits (0ms)
			SetupTypeCache (363ms)
			ReleaseScriptCaches (1ms)
			RebuildScriptCaches (48ms)
			SetupLoadedEditorAssemblies (578ms)
				LogAssemblyErrors (0ms)
				InitializePlatformSupportModulesInManaged (5ms)
				SetLoadedEditorAssemblies (0ms)
				RefreshPlugins (2ms)
				BeforeProcessingInitializeOnLoad (64ms)
				ProcessInitializeOnLoadAttributes (496ms)
				ProcessInitializeOnLoadMethodAttributes (4ms)
				AfterProcessingInitializeOnLoad (5ms)
				EditorAssembliesLoaded (0ms)
			ExecutionOrderSort2 (0ms)
			AwakeInstancesAfterBackupRestoration (7ms)
Platform modules already initialized, skipping
Switching build target platform(19) subTarget(0) extendedPlatform(0) -> platform(13) subTarget(537395200) extendedPlatform(0)
Refreshing native plugins compatible for Editor in 1.87 ms, found 8 plugins.
Preloading 0 native plugins for Editor in 0.00 ms.
Unloading 3178 Unused Serialized files (Serialized files now loaded: 0)
System memory in use before: 115.7 MB.
System memory in use after: 115.9 MB.

Unloading 208 unused Assets to reduce memory usage. Loaded Objects now: 3464.
Total: 6.990100 ms (FindLiveObjects: 0.363200 ms CreateObjectMapping: 0.275600 ms MarkObjects: 6.196200 ms  DeleteObjects: 0.153200 ms)

AssetImportParameters requested are different than current active one (requested -> active):
  custom:framework-win-MediaFoundation: 216162199b28c13a410421893ffa2e32 -> 
  custom:video-decoder-ogg-theora: a1e56fd34408186e4bbccfd4996cb3dc -> 
  custom:container-muxer-webm: aa71ff27fc2769a1b78a27578f13a17b -> 
  custom:container-demuxer-webm: 4f35f7cbe854078d1ac9338744f61a02 -> 
  custom:container-demuxer-ogg: 62fdf1f143b41e24485cea50d1cbac27 -> 
  custom:video-encoder-webm-vp8: eb34c28f22e8b96e1ab97ce403110664 -> 
  custom:video-decoder-webm-vp8: 9c59270c3fd7afecdb556c50c9e8de78 -> 
  custom:graphics/normal-map-encoding: 01000000000000000000000000000000 -> 02000000000000000000000000000000
  custom:audio-decoder-ogg-vorbis: bf7c407c2cedff20999df2af8eb42d56 -> 
  custom:audio-encoder-webm-vorbis: bf7c407c2cedff20999df2af8eb42d56 -> 
========================================================================
Received Prepare
Registering precompiled user dll's ...
Registered in 0.013052 seconds.
Begin MonoManager ReloadAssembly
Symbol file LoadedFromMemory doesn't match image C:\Users\deniz\Desktop\UnityProjects\NekoShare\Library\PackageCache\com.unity.visualscripting@1.6.1\Editor\VisualScripting.Core\Dependencies\DotNetZip\Unity.VisualScripting.IonicZip.dll
Symbol file LoadedFromMemory doesn't match image C:\Users\deniz\Desktop\UnityProjects\NekoShare\Library\PackageCache\com.unity.visualscripting@1.6.1\Editor\VisualScripting.Core\Dependencies\YamlDotNet\Unity.VisualScripting.YamlDotNet.dll
Native extension for WindowsStandalone target not found
Refreshing native plugins compatible for Editor in 2.98 ms, found 8 plugins.
Preloading 0 native plugins for Editor in 0.00 ms.
Mono: successfully reloaded assembly
- Completed reload, in  1.755 seconds
Domain Reload Profiling:
	ReloadAssembly (1761ms)
		BeginReloadAssembly (160ms)
			ExecutionOrderSort (0ms)
			DisableScriptedObjects (5ms)
			BackupInstance (0ms)
			ReleaseScriptingObjects (0ms)
			CreateAndSetChildDomain (46ms)
		EndReloadAssembly (1527ms)
			LoadAssemblies (117ms)
			RebuildTransferFunctionScriptingTraits (0ms)
			SetupTypeCache (453ms)
			ReleaseScriptCaches (2ms)
			RebuildScriptCaches (72ms)
			SetupLoadedEditorAssemblies (679ms)
				LogAssemblyErrors (0ms)
				InitializePlatformSupportModulesInManaged (7ms)
				SetLoadedEditorAssemblies (1ms)
				RefreshPlugins (3ms)
				BeforeProcessingInitializeOnLoad (76ms)
				ProcessInitializeOnLoadAttributes (573ms)
				ProcessInitializeOnLoadMethodAttributes (11ms)
				AfterProcessingInitializeOnLoad (9ms)
				EditorAssembliesLoaded (1ms)
			ExecutionOrderSort2 (0ms)
			AwakeInstancesAfterBackupRestoration (11ms)
Platform modules already initialized, skipping
Switching build target platform(19) subTarget(0) extendedPlatform(0) -> platform(13) subTarget(537395200) extendedPlatform(0)
Refreshing native plugins compatible for Editor in 2.18 ms, found 8 plugins.
Preloading 0 native plugins for Editor in 0.00 ms.
Unloading 3179 Unused Serialized files (Serialized files now loaded: 0)
System memory in use before: 115.8 MB.
System memory in use after: 116.0 MB.

Unloading 208 unused Assets to reduce memory usage. Loaded Objects now: 3467.
Total: 3.527900 ms (FindLiveObjects: 0.290000 ms CreateObjectMapping: 0.180800 ms MarkObjects: 2.991600 ms  DeleteObjects: 0.064800 ms)

AssetImportParameters requested are different than current active one (requested -> active):
  custom:framework-win-MediaFoundation: 216162199b28c13a410421893ffa2e32 -> 
  custom:video-decoder-ogg-theora: a1e56fd34408186e4bbccfd4996cb3dc -> 
  custom:container-muxer-webm: aa71ff27fc2769a1b78a27578f13a17b -> 
  custom:container-demuxer-webm: 4f35f7cbe854078d1ac9338744f61a02 -> 
  custom:container-demuxer-ogg: 62fdf1f143b41e24485cea50d1cbac27 -> 
  custom:video-encoder-webm-vp8: eb34c28f22e8b96e1ab97ce403110664 -> 
  custom:video-decoder-webm-vp8: 9c59270c3fd7afecdb556c50c9e8de78 -> 
  custom:graphics/normal-map-encoding: 01000000000000000000000000000000 -> 02000000000000000000000000000000
  custom:audio-decoder-ogg-vorbis: bf7c407c2cedff20999df2af8eb42d56 -> 
  custom:audio-encoder-webm-vorbis: bf7c407c2cedff20999df2af8eb42d56 -> 
========================================================================
Received Prepare
Registering precompiled user dll's ...
Registered in 0.011162 seconds.
Begin MonoManager ReloadAssembly
Symbol file LoadedFromMemory doesn't match image C:\Users\deniz\Desktop\UnityProjects\NekoShare\Library\PackageCache\com.unity.visualscripting@1.6.1\Editor\VisualScripting.Core\Dependencies\DotNetZip\Unity.VisualScripting.IonicZip.dll
Symbol file LoadedFromMemory doesn't match image C:\Users\deniz\Desktop\UnityProjects\NekoShare\Library\PackageCache\com.unity.visualscripting@1.6.1\Editor\VisualScripting.Core\Dependencies\YamlDotNet\Unity.VisualScripting.YamlDotNet.dll
Native extension for WindowsStandalone target not found
Refreshing native plugins compatible for Editor in 1.36 ms, found 8 plugins.
Preloading 0 native plugins for Editor in 0.00 ms.
Mono: successfully reloaded assembly
- Completed reload, in  1.458 seconds
Domain Reload Profiling:
	ReloadAssembly (1459ms)
		BeginReloadAssembly (135ms)
			ExecutionOrderSort (0ms)
			DisableScriptedObjects (5ms)
			BackupInstance (0ms)
			ReleaseScriptingObjects (0ms)
			CreateAndSetChildDomain (37ms)
		EndReloadAssembly (1259ms)
			LoadAssemblies (113ms)
			RebuildTransferFunctionScriptingTraits (0ms)
			SetupTypeCache (397ms)
			ReleaseScriptCaches (1ms)
			RebuildScriptCaches (46ms)
			SetupLoadedEditorAssemblies (585ms)
				LogAssemblyErrors (0ms)
				InitializePlatformSupportModulesInManaged (5ms)
				SetLoadedEditorAssemblies (1ms)
				RefreshPlugins (1ms)
				BeforeProcessingInitializeOnLoad (53ms)
				ProcessInitializeOnLoadAttributes (508ms)
				ProcessInitializeOnLoadMethodAttributes (7ms)
				AfterProcessingInitializeOnLoad (8ms)
				EditorAssembliesLoaded (0ms)
			ExecutionOrderSort2 (0ms)
			AwakeInstancesAfterBackupRestoration (7ms)
Platform modules already initialized, skipping
Switching build target platform(19) subTarget(0) extendedPlatform(0) -> platform(13) subTarget(537395200) extendedPlatform(0)
Refreshing native plugins compatible for Editor in 1.36 ms, found 8 plugins.
Preloading 0 native plugins for Editor in 0.00 ms.
Unloading 3179 Unused Serialized files (Serialized files now loaded: 0)
System memory in use before: 115.8 MB.
System memory in use after: 116.1 MB.

Unloading 208 unused Assets to reduce memory usage. Loaded Objects now: 3469.
Total: 3.697800 ms (FindLiveObjects: 0.421800 ms CreateObjectMapping: 0.179900 ms MarkObjects: 3.029800 ms  DeleteObjects: 0.064700 ms)

AssetImportParameters requested are different than current active one (requested -> active):
  custom:framework-win-MediaFoundation: 216162199b28c13a410421893ffa2e32 -> 
  custom:video-decoder-ogg-theora: a1e56fd34408186e4bbccfd4996cb3dc -> 
  custom:container-muxer-webm: aa71ff27fc2769a1b78a27578f13a17b -> 
  custom:container-demuxer-webm: 4f35f7cbe854078d1ac9338744f61a02 -> 
  custom:container-demuxer-ogg: 62fdf1f143b41e24485cea50d1cbac27 -> 
  custom:video-encoder-webm-vp8: eb34c28f22e8b96e1ab97ce403110664 -> 
  custom:video-decoder-webm-vp8: 9c59270c3fd7afecdb556c50c9e8de78 -> 
  custom:graphics/normal-map-encoding: 01000000000000000000000000000000 -> 02000000000000000000000000000000
  custom:audio-decoder-ogg-vorbis: bf7c407c2cedff20999df2af8eb42d56 -> 
  custom:audio-encoder-webm-vorbis: bf7c407c2cedff20999df2af8eb42d56 -> 
========================================================================
Received Prepare
Registering precompiled user dll's ...
Registered in 0.072408 seconds.
Begin MonoManager ReloadAssembly
Symbol file LoadedFromMemory doesn't match image C:\Users\deniz\Desktop\UnityProjects\NekoShare\Library\PackageCache\com.unity.visualscripting@1.6.1\Editor\VisualScripting.Core\Dependencies\DotNetZip\Unity.VisualScripting.IonicZip.dll
Symbol file LoadedFromMemory doesn't match image C:\Users\deniz\Desktop\UnityProjects\NekoShare\Library\PackageCache\com.unity.visualscripting@1.6.1\Editor\VisualScripting.Core\Dependencies\YamlDotNet\Unity.VisualScripting.YamlDotNet.dll
Native extension for WindowsStandalone target not found
Refreshing native plugins compatible for Editor in 1.57 ms, found 8 plugins.
Preloading 0 native plugins for Editor in 0.00 ms.
Mono: successfully reloaded assembly
- Completed reload, in  1.647 seconds
Domain Reload Profiling:
	ReloadAssembly (1648ms)
		BeginReloadAssembly (153ms)
			ExecutionOrderSort (0ms)
			DisableScriptedObjects (5ms)
			BackupInstance (0ms)
			ReleaseScriptingObjects (0ms)
			CreateAndSetChildDomain (43ms)
		EndReloadAssembly (1418ms)
			LoadAssemblies (138ms)
			RebuildTransferFunctionScriptingTraits (0ms)
			SetupTypeCache (410ms)
			ReleaseScriptCaches (1ms)
			RebuildScriptCaches (59ms)
			SetupLoadedEditorAssemblies (667ms)
				LogAssemblyErrors (0ms)
				InitializePlatformSupportModulesInManaged (6ms)
				SetLoadedEditorAssemblies (1ms)
				RefreshPlugins (2ms)
				BeforeProcessingInitializeOnLoad (66ms)
				ProcessInitializeOnLoadAttributes (580ms)
				ProcessInitializeOnLoadMethodAttributes (7ms)
				AfterProcessingInitializeOnLoad (6ms)
				EditorAssembliesLoaded (0ms)
			ExecutionOrderSort2 (0ms)
			AwakeInstancesAfterBackupRestoration (8ms)
Platform modules already initialized, skipping
Switching build target platform(19) subTarget(0) extendedPlatform(0) -> platform(13) subTarget(537395200) extendedPlatform(0)
Refreshing native plugins compatible for Editor in 1.75 ms, found 8 plugins.
Preloading 0 native plugins for Editor in 0.00 ms.
Unloading 3130 Unused Serialized files (Serialized files now loaded: 0)
System memory in use before: 114.5 MB.
System memory in use after: 114.7 MB.

Unloading 159 unused Assets to reduce memory usage. Loaded Objects now: 3485.
Total: 7.892400 ms (FindLiveObjects: 0.486200 ms CreateObjectMapping: 0.357900 ms MarkObjects: 6.873600 ms  DeleteObjects: 0.172300 ms)

AssetImportParameters requested are different than current active one (requested -> active):
  custom:framework-win-MediaFoundation: 216162199b28c13a410421893ffa2e32 -> 
  custom:video-decoder-ogg-theora: a1e56fd34408186e4bbccfd4996cb3dc -> 
  custom:container-muxer-webm: aa71ff27fc2769a1b78a27578f13a17b -> 
  custom:container-demuxer-webm: 4f35f7cbe854078d1ac9338744f61a02 -> 
  custom:container-demuxer-ogg: 62fdf1f143b41e24485cea50d1cbac27 -> 
  custom:video-encoder-webm-vp8: eb34c28f22e8b96e1ab97ce403110664 -> 
  custom:video-decoder-webm-vp8: 9c59270c3fd7afecdb556c50c9e8de78 -> 
  custom:graphics/normal-map-encoding: 01000000000000000000000000000000 -> 02000000000000000000000000000000
  custom:audio-decoder-ogg-vorbis: bf7c407c2cedff20999df2af8eb42d56 -> 
  custom:audio-encoder-webm-vorbis: bf7c407c2cedff20999df2af8eb42d56 -> 
========================================================================
Received Import Request.
  Time since last request: 1912.500506 seconds.
  path: Assets/GoogleSignIn
  artifactKey: Guid(a089c79cc334748a5a29c5f219b7cfd4) Importer(815301076,1909f56bfc062723c751e8b465ee728b)
Start importing Assets/GoogleSignIn using Guid(a089c79cc334748a5a29c5f219b7cfd4) Importer(815301076,1909f56bfc062723c751e8b465ee728b)  -> (artifact id: '4738e247c82c7d09def2037b5527a9f3') in 0.013577 seconds 
========================================================================
Received Import Request.
  Time since last request: 1.728746 seconds.
  path: Assets/GoogleSignIn/Future.cs
  artifactKey: Guid(ad3b09fb652fb4ff0a68d1966f13160e) Importer(815301076,1909f56bfc062723c751e8b465ee728b)
Start importing Assets/GoogleSignIn/Future.cs using Guid(ad3b09fb652fb4ff0a68d1966f13160e) Importer(815301076,1909f56bfc062723c751e8b465ee728b)  -> (artifact id: '1cc846b72aabf83b1f0e989039be807d') in 0.026180 seconds 
========================================================================
Received Import Request.
  Time since last request: 3.130371 seconds.
  path: Assets/GoogleSignIn/GoogleSignIn.cs
  artifactKey: Guid(138b984208e394be797ce8905a44fd54) Importer(815301076,1909f56bfc062723c751e8b465ee728b)
Start importing Assets/GoogleSignIn/GoogleSignIn.cs using Guid(138b984208e394be797ce8905a44fd54) Importer(815301076,1909f56bfc062723c751e8b465ee728b)  -> (artifact id: '4b906494cf01ff63777797e138ca1cbb') in 0.003824 seconds 
========================================================================
Received Import Request.
  Time since last request: 0.490837 seconds.
  path: Assets/GoogleSignIn/GoogleSignInConfiguration.cs
  artifactKey: Guid(0c3999c0f68f04ae08f04fb3bf2a2050) Importer(815301076,1909f56bfc062723c751e8b465ee728b)
Start importing Assets/GoogleSignIn/GoogleSignInConfiguration.cs using Guid(0c3999c0f68f04ae08f04fb3bf2a2050) Importer(815301076,1909f56bfc062723c751e8b465ee728b)  -> (artifact id: '21c2bdc58bf2d72c285e014762493a83') in 0.007582 seconds 
========================================================================
Received Import Request.
  Time since last request: 1.009815 seconds.
  path: Assets/GoogleSignIn/GoogleSignInStatusCode.cs
  artifactKey: Guid(077933fcaedac412d9762bf3e0a3be68) Importer(815301076,1909f56bfc062723c751e8b465ee728b)
Start importing Assets/GoogleSignIn/GoogleSignInStatusCode.cs using Guid(077933fcaedac412d9762bf3e0a3be68) Importer(815301076,1909f56bfc062723c751e8b465ee728b)  -> (artifact id: '7eeb9eef8b13af83c97f2cacad796fb9') in 0.008066 seconds 
========================================================================
Received Import Request.
  Time since last request: 0.589120 seconds.
  path: Assets/GoogleSignIn/GoogleSignInUser.cs
  artifactKey: Guid(c56b92217d0144af5907627d1235e0a5) Importer(815301076,1909f56bfc062723c751e8b465ee728b)
Start importing Assets/GoogleSignIn/GoogleSignInUser.cs using Guid(c56b92217d0144af5907627d1235e0a5) Importer(815301076,1909f56bfc062723c751e8b465ee728b)  -> (artifact id: 'c90495b2b7d8fdb7ecd7021df7931dd7') in 0.008827 seconds 
========================================================================
Received Import Request.
  Time since last request: 1.166827 seconds.
  path: Assets/GoogleSignIn/Editor
  artifactKey: Guid(a7e77ece57ef34772969fad4915b1a4c) Importer(815301076,1909f56bfc062723c751e8b465ee728b)
Start importing Assets/GoogleSignIn/Editor using Guid(a7e77ece57ef34772969fad4915b1a4c) Importer(815301076,1909f56bfc062723c751e8b465ee728b)  -> (artifact id: '279941c9c6578ea082124f1bd4ed98a8') in 0.006512 seconds 
========================================================================
Received Import Request.
  Time since last request: 0.798847 seconds.
  path: Assets/GoogleSignIn/Editor/google-signin-plugin_v1.0.0.txt
  artifactKey: Guid(ca932999723384cdc86087c8423332bb) Importer(815301076,1909f56bfc062723c751e8b465ee728b)
Start importing Assets/GoogleSignIn/Editor/google-signin-plugin_v1.0.0.txt using Guid(ca932999723384cdc86087c8423332bb) Importer(815301076,1909f56bfc062723c751e8b465ee728b)  -> (artifact id: '9a7d053f50756fe0601ed6dc97d9ac78') in 0.025923 seconds 
========================================================================
Received Import Request.
  Time since last request: 0.503734 seconds.
  path: Assets/GoogleSignIn/Editor/google-signin-plugin_v1.0.1.txt
  artifactKey: Guid(817a6673340324b8ca85e24466f60953) Importer(815301076,1909f56bfc062723c751e8b465ee728b)
Start importing Assets/GoogleSignIn/Editor/google-signin-plugin_v1.0.1.txt using Guid(817a6673340324b8ca85e24466f60953) Importer(815301076,1909f56bfc062723c751e8b465ee728b)  -> (artifact id: '9ce545cc3c0e355195c94a009c87a279') in 0.007776 seconds 
========================================================================
Received Import Request.
  Time since last request: 0.448393 seconds.
  path: Assets/GoogleSignIn/Editor/google-signin-plugin_v1.0.4.txt
  artifactKey: Guid(a67d5f0cfc09749e6b1ce13e8b8e6e1d) Importer(815301076,1909f56bfc062723c751e8b465ee728b)
Start importing Assets/GoogleSignIn/Editor/google-signin-plugin_v1.0.4.txt using Guid(a67d5f0cfc09749e6b1ce13e8b8e6e1d) Importer(815301076,1909f56bfc062723c751e8b465ee728b)  -> (artifact id: '5f50159dffdcb6d232f2cf0c759caab2') in 0.007561 seconds 
========================================================================
Received Import Request.
  Time since last request: 0.492702 seconds.
  path: Assets/GoogleSignIn/Editor/GoogleSignInSupportDependencies.xml
  artifactKey: Guid(e8689106c65f445c19cec6044d615c19) Importer(815301076,1909f56bfc062723c751e8b465ee728b)
Start importing Assets/GoogleSignIn/Editor/GoogleSignInSupportDependencies.xml using Guid(e8689106c65f445c19cec6044d615c19) Importer(815301076,1909f56bfc062723c751e8b465ee728b)  -> (artifact id: 'dde560a8723e6ddd0cbfba2213b2ade4') in 0.021943 seconds 
========================================================================
Received Import Request.
  Time since last request: 0.974046 seconds.
  path: Assets/GoogleSignIn/Editor/GoogleSignInDependencies.xml
  artifactKey: Guid(938014c9994164100b26d82840a88fbb) Importer(815301076,1909f56bfc062723c751e8b465ee728b)
Start importing Assets/GoogleSignIn/Editor/GoogleSignInDependencies.xml using Guid(938014c9994164100b26d82840a88fbb) Importer(815301076,1909f56bfc062723c751e8b465ee728b)  -> (artifact id: 'f377be9d38e407849c27aa6a5148f111') in 0.007059 seconds 
========================================================================
Received Import Request.
  Time since last request: 1.177871 seconds.
  path: Assets/GoogleSignIn/Editor/m2repository
  artifactKey: Guid(eefc3dc8b56e545998952bd59ab36247) Importer(815301076,1909f56bfc062723c751e8b465ee728b)
Start importing Assets/GoogleSignIn/Editor/m2repository using Guid(eefc3dc8b56e545998952bd59ab36247) Importer(815301076,1909f56bfc062723c751e8b465ee728b)  -> (artifact id: 'ca5abe8c44372f9b4b729e0edf9f9be6') in 0.006996 seconds 
========================================================================
Received Import Request.
  Time since last request: 1.157888 seconds.
  path: Assets/GoogleSignIn/Editor/m2repository/com
  artifactKey: Guid(ade49ef91c70440a0baeac322ecaa2d7) Importer(815301076,1909f56bfc062723c751e8b465ee728b)
Start importing Assets/GoogleSignIn/Editor/m2repository/com using Guid(ade49ef91c70440a0baeac322ecaa2d7) Importer(815301076,1909f56bfc062723c751e8b465ee728b)  -> (artifact id: '8e2a4876a91de3ad63a84c62095769eb') in 0.014118 seconds 
========================================================================
Received Import Request.
  Time since last request: 0.545511 seconds.
  path: Assets/GoogleSignIn/Editor/m2repository/com/google
  artifactKey: Guid(707de6ade212a46b1ab4bf4d42325176) Importer(815301076,1909f56bfc062723c751e8b465ee728b)
Start importing Assets/GoogleSignIn/Editor/m2repository/com/google using Guid(707de6ade212a46b1ab4bf4d42325176) Importer(815301076,1909f56bfc062723c751e8b465ee728b)  -> (artifact id: 'bd4722b0f8bd22266cddbf46d28089ae') in 0.007723 seconds 
========================================================================
Received Import Request.
  Time since last request: 0.491864 seconds.
  path: Assets/GoogleSignIn/Editor/m2repository/com/google/signin
  artifactKey: Guid(34b86fc2e934d482ea5f9d1f5354b0f9) Importer(815301076,1909f56bfc062723c751e8b465ee728b)
Start importing Assets/GoogleSignIn/Editor/m2repository/com/google/signin using Guid(34b86fc2e934d482ea5f9d1f5354b0f9) Importer(815301076,1909f56bfc062723c751e8b465ee728b)  -> (artifact id: 'efd710e10ad9ff90a56f0dfdae74fa46') in 0.006927 seconds 
========================================================================
Received Import Request.
  Time since last request: 0.472741 seconds.
  path: Assets/GoogleSignIn/Editor/m2repository/com/google/signin/google-signin-support
  artifactKey: Guid(e3becceb8680148d59e5bb93e5eb5a24) Importer(815301076,1909f56bfc062723c751e8b465ee728b)
Start importing Assets/GoogleSignIn/Editor/m2repository/com/google/signin/google-signin-support using Guid(e3becceb8680148d59e5bb93e5eb5a24) Importer(815301076,1909f56bfc062723c751e8b465ee728b)  -> (artifact id: '07901fd521bca25a279ea00456577dd6') in 0.007507 seconds 
========================================================================
Received Import Request.
  Time since last request: 1.007870 seconds.
  path: Assets/GoogleSignIn/Editor/m2repository/com/google/signin/google-signin-support/1.0.4
  artifactKey: Guid(001a15402063b4df983ba8bc4ddb269f) Importer(815301076,1909f56bfc062723c751e8b465ee728b)
Start importing Assets/GoogleSignIn/Editor/m2repository/com/google/signin/google-signin-support/1.0.4 using Guid(001a15402063b4df983ba8bc4ddb269f) Importer(815301076,1909f56bfc062723c751e8b465ee728b)  -> (artifact id: 'cb5635c5008f2d4c35dc95ce973d1771') in 0.007325 seconds 
========================================================================
Received Import Request.
  Time since last request: 1.880271 seconds.
  path: Assets/GoogleSignIn/Editor/m2repository/com/google/signin/google-signin-support/1.0.4/google-signin-support-1.0.4.pom
  artifactKey: Guid(a3f74b3d329a24e81a6c6f9f1d2f46f1) Importer(815301076,1909f56bfc062723c751e8b465ee728b)
Start importing Assets/GoogleSignIn/Editor/m2repository/com/google/signin/google-signin-support/1.0.4/google-signin-support-1.0.4.pom using Guid(a3f74b3d329a24e81a6c6f9f1d2f46f1) Importer(815301076,1909f56bfc062723c751e8b465ee728b)  -> (artifact id: '2df380dc2be17182a47baa19b97debc8') in 0.009202 seconds 
========================================================================
Received Import Request.
  Time since last request: 0.343043 seconds.
  path: Assets/GoogleSignIn/Editor/m2repository/com/google/signin/google-signin-support/1.0.4/google-signin-support-1.0.4.pom.md5
  artifactKey: Guid(907bf7a19cd7848cabf1f641f61343ee) Importer(815301076,1909f56bfc062723c751e8b465ee728b)
Start importing Assets/GoogleSignIn/Editor/m2repository/com/google/signin/google-signin-support/1.0.4/google-signin-support-1.0.4.pom.md5 using Guid(907bf7a19cd7848cabf1f641f61343ee) Importer(815301076,1909f56bfc062723c751e8b465ee728b)  -> (artifact id: 'eb63fba8a2202ed4f4be8f6bf3658fc6') in 0.009632 seconds 
========================================================================
Received Import Request.
  Time since last request: 0.394317 seconds.
  path: Assets/GoogleSignIn/Editor/m2repository/com/google/signin/google-signin-support/1.0.4/google-signin-support-1.0.4.pom.sha1
  artifactKey: Guid(e1a3ff77f802d43818521ff3db2bf944) Importer(815301076,1909f56bfc062723c751e8b465ee728b)
Start importing Assets/GoogleSignIn/Editor/m2repository/com/google/signin/google-signin-support/1.0.4/google-signin-support-1.0.4.pom.sha1 using Guid(e1a3ff77f802d43818521ff3db2bf944) Importer(815301076,1909f56bfc062723c751e8b465ee728b)  -> (artifact id: '074171e50f6281c56a0df8f986ece8c2') in 0.004976 seconds 
AssetImportWorkerClient::OnTransportError - code=2 error=End of file
